<?xml version="1.0" encoding="UTF-8"?>
<!-- Generated by org.testng.reporters.JUnitReportReporter -->
<testsuite hostname="DESKTOP-AACVLLJ" failures="0" tests="2" name="com.crm.qa.testcases.LoginPageTest" time="19.848" errors="0" timestamp="2022-12-08T19:07:00 IST" skipped="0">
  <testcase classname="com.crm.qa.testcases.LoginPageTest" name="LoginPageTitiletest" time="7.391"/>
  <system-out/>
  <testcase classname="com.crm.qa.testcases.LoginPageTest" name="LoginTest" time="12.457"/>
  <system-out/>
</testsuite> <!-- com.crm.qa.testcases.LoginPageTest -->
