<?xml version="1.0" encoding="UTF-8"?>
<!-- Generated by org.testng.reporters.JUnitReportReporter -->
<testsuite hostname="DESKTOP-AACVLLJ" failures="0" tests="3" name="com.crm.qa.testcases.HomePgaeTest" time="20.862" errors="0" timestamp="2022-11-18T11:24:42 IST" skipped="0">
  <testcase classname="com.crm.qa.testcases.HomePgaeTest" name="verifyHomepageTitle" time="5.575"/>
  <system-out/>
  <testcase classname="com.crm.qa.testcases.HomePgaeTest" name="VerifytheUser" time="8.506"/>
  <system-out/>
  <testcase classname="com.crm.qa.testcases.HomePgaeTest" name="verifycontactLinkTest" time="6.781"/>
  <system-out/>
</testsuite> <!-- com.crm.qa.testcases.HomePgaeTest -->
